[    0.000000] Initializing cgroup subsys cpuset
[    0.000000] Initializing cgroup subsys cpu
[    0.000000] Initializing cgroup subsys cpuacct
[    0.000000] Linux version 4.4.0-193-generic (buildd@lgw01-amd64-024) (gcc version 5.4.0 20160609 (Ubuntu 5.4.0-6ubuntu1~16.04.12) ) #224-Ubuntu SMP Tue Oct 6 17:15:28 UTC 2020 (Ubuntu 4.4.0-193.224-generic 4.4.236)
[    0.000000] Command line: BOOT_IMAGE=/boot/vmlinuz-4.4.0-193-generic root=UUID=ae3af408-69ef-422e-a105-6a8101df59f6 ro console=tty1 console=ttyS0
[    0.000000] KERNEL supported cpus:
[    0.000000]   Intel GenuineIntel
[    0.000000]   AMD AuthenticAMD
[    0.000000]   Centaur CentaurHauls
[    0.000000] x86/fpu: xstate_offset[2]:  576, xstate_sizes[2]:  256
[    0.000000] x86/fpu: Supporting XSAVE feature 0x01: 'x87 floating point registers'
[    0.000000] x86/fpu: Supporting XSAVE feature 0x02: 'SSE registers'
[    0.000000] x86/fpu: Supporting XSAVE feature 0x04: 'AVX registers'
[    0.000000] x86/fpu: Enabled xstate features 0x7, context size is 832 bytes, using 'standard' format.
[    0.000000] e820: BIOS-provided physical RAM map:
[    0.000000] BIOS-e820: [mem 0x0000000000000000-0x000000000009fbff] usable
[    0.000000] BIOS-e820: [mem 0x000000000009fc00-0x000000000009ffff] reserved
[    0.000000] BIOS-e820: [mem 0x00000000000f0000-0x00000000000fffff] reserved
[    0.000000] BIOS-e820: [mem 0x0000000000100000-0x000000007ffeffff] usable
[    0.000000] BIOS-e820: [mem 0x000000007fff0000-0x000000007fffffff] ACPI data
[    0.000000] BIOS-e820: [mem 0x00000000fec00000-0x00000000fec00fff] reserved
[    0.000000] BIOS-e820: [mem 0x00000000fee00000-0x00000000fee00fff] reserved
[    0.000000] BIOS-e820: [mem 0x00000000fffc0000-0x00000000ffffffff] reserved
[    0.000000] NX (Execute Disable) protection: active
[    0.000000] SMBIOS 2.5 present.
[    0.000000] Hypervisor detected: KVM
[    0.000000] e820: last_pfn = 0x7fff0 max_arch_pfn = 0x400000000
[    0.000000] MTRR: Disabled
[    0.000000] x86/PAT: MTRRs disabled, skipping PAT initialization too.
[    0.000000] CPU MTRRs all blank - virtualized system.
[    0.000000] x86/PAT: Configuration [0-7]: WB  WT  UC- UC  WB  WT  UC- UC  
[    0.000000] found SMP MP-table at [mem 0x0009fff0-0x0009ffff] mapped at [ffff88000009fff0]
[    0.000000] Scanning 1 areas for low memory corruption
[    0.000000] RAMDISK: [mem 0x361c6000-0x370dafff]
[    0.000000] ACPI: Early table checksum verification disabled
[    0.000000] ACPI: RSDP 0x00000000000E0000 000024 (v02 VBOX  )
[    0.000000] ACPI: XSDT 0x000000007FFF0030 00003C (v01 VBOX   VBOXXSDT 00000001 ASL  00000061)
[    0.000000] ACPI: FACP 0x000000007FFF00F0 0000F4 (v04 VBOX   VBOXFACP 00000001 ASL  00000061)
[    0.000000] ACPI: DSDT 0x000000007FFF0470 002325 (v02 VBOX   VBOXBIOS 00000002 INTL 20190509)
[    0.000000] ACPI: FACS 0x000000007FFF0200 000040
[    0.000000] ACPI: FACS 0x000000007FFF0200 000040
[    0.000000] ACPI: APIC 0x000000007FFF0240 00005C (v02 VBOX   VBOXAPIC 00000001 ASL  00000061)
[    0.000000] ACPI: SSDT 0x000000007FFF02A0 0001CC (v01 VBOX   VBOXCPUT 00000002 INTL 20190509)
[    0.000000] No NUMA configuration found
[    0.000000] Faking a node at [mem 0x0000000000000000-0x000000007ffeffff]
[    0.000000] NODE_DATA(0) allocated [mem 0x7ffeb000-0x7ffeffff]
[    0.000000] kvm-clock: Using msrs 4b564d01 and 4b564d00
[    0.000000] kvm-clock: cpu 0, msr 0:7ffe3001, primary cpu clock
[    0.000000] kvm-clock: using sched offset of 11946590335 cycles
[    0.000000] clocksource: kvm-clock: mask: 0xffffffffffffffff max_cycles: 0x1cd42e4dffb, max_idle_ns: 881590591483 ns
[    0.000000] Zone ranges:
[    0.000000]   DMA      [mem 0x0000000000001000-0x0000000000ffffff]
[    0.000000]   DMA32    [mem 0x0000000001000000-0x000000007ffeffff]
[    0.000000]   Normal   empty
[    0.000000]   Device   empty
[    0.000000] Movable zone start for each node
[    0.000000] Early memory node ranges
[    0.000000]   node   0: [mem 0x0000000000001000-0x000000000009efff]
[    0.000000]   node   0: [mem 0x0000000000100000-0x000000007ffeffff]
[    0.000000] Initmem setup node 0 [mem 0x0000000000001000-0x000000007ffeffff]
[    0.000000] ACPI: PM-Timer IO Port: 0x4008
[    0.000000] IOAPIC[0]: apic_id 2, version 32, address 0xfec00000, GSI 0-23
[    0.000000] ACPI: INT_SRC_OVR (bus 0 bus_irq 0 global_irq 2 dfl dfl)
[    0.000000] ACPI: INT_SRC_OVR (bus 0 bus_irq 9 global_irq 9 low level)
[    0.000000] Using ACPI (MADT) for SMP configuration information
[    0.000000] smpboot: Allowing 2 CPUs, 0 hotplug CPUs
[    0.000000] PM: Registered nosave memory: [mem 0x00000000-0x00000fff]
[    0.000000] PM: Registered nosave memory: [mem 0x0009f000-0x0009ffff]
[    0.000000] PM: Registered nosave memory: [mem 0x000a0000-0x000effff]
[    0.000000] PM: Registered nosave memory: [mem 0x000f0000-0x000fffff]
[    0.000000] e820: [mem 0x80000000-0xfebfffff] available for PCI devices
[    0.000000] Booting paravirtualized kernel on KVM
[    0.000000] clocksource: refined-jiffies: mask: 0xffffffff max_cycles: 0xffffffff, max_idle_ns: 7645519600211568 ns
[    0.000000] setup_percpu: NR_CPUS:512 nr_cpumask_bits:512 nr_cpu_ids:2 nr_node_ids:1
[    0.000000] PERCPU: Embedded 33 pages/cpu @ffff88007fc00000 s95512 r8192 d31464 u1048576
[    0.000000] Built 1 zonelists in Node order, mobility grouping on.  Total pages: 515960
[    0.000000] Policy zone: DMA32
[    0.000000] Kernel command line: BOOT_IMAGE=/boot/vmlinuz-4.4.0-193-generic root=UUID=ae3af408-69ef-422e-a105-6a8101df59f6 ro console=tty1 console=ttyS0
[    0.000000] PID hash table entries: 4096 (order: 3, 32768 bytes)
[    0.000000] Memory: 2029292K/2096696K available (8640K kernel code, 1337K rwdata, 4040K rodata, 1492K init, 1296K bss, 67404K reserved, 0K cma-reserved)
[    0.000000] SLUB: HWalign=64, Order=0-3, MinObjects=0, CPUs=2, Nodes=1
[    0.000000] Kernel/User page tables isolation: enabled
[    0.000000] Hierarchical RCU implementation.
[    0.000000] 	Build-time adjustment of leaf fanout to 64.
[    0.000000] 	RCU restricting CPUs from NR_CPUS=512 to nr_cpu_ids=2.
[    0.000000] RCU: Adjusting geometry for rcu_fanout_leaf=64, nr_cpu_ids=2
[    0.000000] NR_IRQS:33024 nr_irqs:440 16
[    0.000000] Console: colour VGA+ 80x25
[    0.000000] console [tty1] enabled
[    0.000000] console [ttyS0] enabled
[    0.000000] tsc: Detected 2495.998 MHz processor
[    0.144479] Calibrating delay loop (skipped) preset value.. 4991.99 BogoMIPS (lpj=9983992)
[    0.145944] pid_max: default: 32768 minimum: 301
[    0.146727] ACPI: Core revision 20150930
[    0.148488] ACPI: 2 ACPI AML tables successfully acquired and loaded
[    0.151100] Security Framework initialized
[    0.151871] Yama: becoming mindful.
[    0.152525] AppArmor: AppArmor initialized
[    0.153868] Dentry cache hash table entries: 262144 (order: 9, 2097152 bytes)
[    0.155238] Inode-cache hash table entries: 131072 (order: 8, 1048576 bytes)
[    0.157190] Mount-cache hash table entries: 4096 (order: 3, 32768 bytes)
[    0.158857] Mountpoint-cache hash table entries: 4096 (order: 3, 32768 bytes)
[    0.160105] Initializing cgroup subsys io
[    0.160820] Initializing cgroup subsys memory
[    0.161613] Initializing cgroup subsys devices
[    0.162375] Initializing cgroup subsys freezer
[    0.163130] Initializing cgroup subsys net_cls
[    0.163920] Initializing cgroup subsys perf_event
[    0.164804] Initializing cgroup subsys net_prio
[    0.165586] Initializing cgroup subsys hugetlb
[    0.166358] Initializing cgroup subsys pids
[    0.181378] mce: CPU supports 0 MCE banks
[    0.182561] Last level iTLB entries: 4KB 128, 2MB 8, 4MB 8
[    0.183483] Last level dTLB entries: 4KB 64, 2MB 0, 4MB 0, 1GB 4
[    0.185044] Spectre V1 : Mitigation: usercopy/swapgs barriers and __user pointer sanitization
[    0.186509] Spectre V2 : Mitigation: Full generic retpoline
[    0.192095] Spectre V2 : Spectre v2 / SpectreRSB mitigation: Filling RSB on context switch
[    0.193529] Speculative Store Bypass: Vulnerable
[    0.194321] SRBDS: Unknown: Dependent on hypervisor status
[    0.195323] MDS: Mitigation: Clear CPU buffers
[    0.198832] Freeing SMP alternatives memory: 36K
[    0.205765] ftrace: allocating 32346 entries in 127 pages
[    0.264775] smpboot: APIC(0) Converting physical 0 to logical package 0
[    0.265996] smpboot: Max logical packages: 1
[    0.266968] x2apic enabled
[    0.267771] Switched APIC routing to physical x2apic.
[    0.269740] ..TIMER: vector=0x30 apic1=0 pin1=2 apic2=-1 pin2=-1
[    0.378896] smpboot: CPU0: Intel(R) Core(TM) i5-7300HQ CPU @ 2.50GHz (family: 0x6, model: 0x9e, stepping: 0x9)
[    0.380939] Performance Events: unsupported p6 CPU model 158 no PMU driver, software events only.
[    0.393101] KVM setup paravirtual spinlock
[    0.395622] x86: Booting SMP configuration:
[    0.396509] .... node  #0, CPUs:      #1
[    0.397319] kvm-clock: cpu 1, msr 0:7ffe3041, secondary cpu clock
[    0.435108] mce: CPU supports 0 MCE banks
[    0.438387] x86: Booted up 1 node, 2 CPUs
[    0.439421] smpboot: Total of 2 processors activated (9983.99 BogoMIPS)
[    0.442886] devtmpfs: initialized
[    0.445701] evm: security.selinux
[    0.449284] evm: security.SMACK64
[    0.449985] evm: security.SMACK64EXEC
[    0.450702] evm: security.SMACK64TRANSMUTE
[    0.451481] evm: security.SMACK64MMAP
[    0.452150] evm: security.ima
[    0.452709] evm: security.capability
[    0.453624] clocksource: jiffies: mask: 0xffffffff max_cycles: 0xffffffff, max_idle_ns: 7645041785100000 ns
[    0.455336] futex hash table entries: 512 (order: 3, 32768 bytes)
[    0.456465] pinctrl core: initialized pinctrl subsystem
[    0.457449] RTC time: 17:34:20, date: 10/28/20
[    0.458682] NET: Registered protocol family 16
[    0.471760] cpuidle: using governor ladder
[    0.483227] cpuidle: using governor menu
[    0.485415] PCCT header not found.
[    0.487578] ACPI: bus type PCI registered
[    0.489646] acpiphp: ACPI Hot Plug PCI Controller Driver version: 0.5
[    0.492924] PCI: Using configuration type 1 for base access
[    0.514339] ACPI: Added _OSI(Module Device)
[    0.516666] ACPI: Added _OSI(Processor Device)
[    0.519001] ACPI: Added _OSI(3.0 _SCP Extensions)
[    0.521415] ACPI: Added _OSI(Processor Aggregator Device)
[    0.529939] ACPI: Executed 1 blocks of module-level executable AML code
[    0.541968] ACPI: Interpreter enabled
[    0.544083] ACPI: (supports S0 S5)
[    0.545907] ACPI: Using IOAPIC for interrupt routing
[    0.548719] PCI: Using host bridge windows from ACPI; if necessary, use "pci=nocrs" and report a bug
[    0.562533] ACPI: PCI Root Bridge [PCI0] (domain 0000 [bus 00-ff])
[    0.565415] acpi PNP0A03:00: _OSC: OS supports [ASPM ClockPM Segments MSI]
[    0.569359] acpi PNP0A03:00: _OSC: not requesting OS control; OS requires [ExtendedConfig ASPM ClockPM MSI]
[    0.574044] acpi PNP0A03:00: fail to add MMCONFIG information, can't access extended PCI configuration space under this bridge.
[    0.580797] PCI host bridge to bus 0000:00
[    0.582296] pci_bus 0000:00: root bus resource [io  0x0000-0x0cf7 window]
[    0.584521] pci_bus 0000:00: root bus resource [io  0x0d00-0xffff window]
[    0.588692] pci_bus 0000:00: root bus resource [mem 0x000a0000-0x000bffff window]
[    0.591021] pci_bus 0000:00: root bus resource [mem 0x80000000-0xfdffffff window]
[    0.593194] pci_bus 0000:00: root bus resource [bus 00-ff]
[    0.596969] pci 0000:00:01.1: legacy IDE quirk: reg 0x10: [io  0x01f0-0x01f7]
[    0.598547] pci 0000:00:01.1: legacy IDE quirk: reg 0x14: [io  0x03f6]
[    0.599953] pci 0000:00:01.1: legacy IDE quirk: reg 0x18: [io  0x0170-0x0177]
[    0.612266] pci 0000:00:01.1: legacy IDE quirk: reg 0x1c: [io  0x0376]
[    0.631966] pci 0000:00:07.0: quirk: [io  0x4000-0x403f] claimed by PIIX4 ACPI
[    0.633369] pci 0000:00:07.0: quirk: [io  0x4100-0x410f] claimed by PIIX4 SMB
[    0.648498] ACPI: PCI Interrupt Link [LNKA] (IRQs 5 9 10 *11)
[    0.650146] ACPI: PCI Interrupt Link [LNKB] (IRQs 5 9 *10 11)
[    0.651685] ACPI: PCI Interrupt Link [LNKC] (IRQs 5 *9 10 11)
[    0.653120] ACPI: PCI Interrupt Link [LNKD] (IRQs 5 9 10 *11)
[    0.655786] ACPI: Enabled 2 GPEs in block 00 to 07
[    0.657120] vgaarb: setting as boot device: PCI:0000:00:02.0
[    0.658038] vgaarb: device added: PCI:0000:00:02.0,decodes=io+mem,owns=io+mem,locks=none
[    0.659436] vgaarb: loaded
[    0.659990] vgaarb: bridge control possible 0000:00:02.0
[    0.661097] SCSI subsystem initialized
[    0.661902] ACPI: bus type USB registered
[    0.662650] usbcore: registered new interface driver usbfs
[    0.663581] usbcore: registered new interface driver hub
[    0.664488] usbcore: registered new device driver usb
[    0.665525] PCI: Using ACPI for IRQ routing
[    0.666511] NetLabel: Initializing
[    0.667152] NetLabel:  domain hash size = 128
[    0.667904] NetLabel:  protocols = UNLABELED CIPSOv4
[    0.668740] NetLabel:  unlabeled traffic allowed by default
[    0.669824] amd_nb: Cannot enumerate AMD northbridges
[    0.671786] clocksource: Switched to clocksource kvm-clock
[    0.678790] AppArmor: AppArmor Filesystem Enabled
[    0.679855] pnp: PnP ACPI init
[    0.681133] pnp: PnP ACPI: found 3 devices
[    0.691369] clocksource: acpi_pm: mask: 0xffffff max_cycles: 0xffffff, max_idle_ns: 2085701024 ns
[    0.692977] NET: Registered protocol family 2
[    0.693881] TCP established hash table entries: 16384 (order: 5, 131072 bytes)
[    0.695239] TCP bind hash table entries: 16384 (order: 6, 262144 bytes)
[    0.696334] TCP: Hash tables configured (established 16384 bind 16384)
[    0.697445] UDP hash table entries: 1024 (order: 3, 32768 bytes)
[    0.698455] UDP-Lite hash table entries: 1024 (order: 3, 32768 bytes)
[    0.699544] NET: Registered protocol family 1
[    0.700351] pci 0000:00:00.0: Limiting direct PCI/PCI transfers
[    0.701320] pci 0000:00:01.0: Activating ISA DMA hang workarounds
[    0.702408] Unpacking initramfs...
[    0.914709] Freeing initrd memory: 15444K
[    0.915726] clocksource: tsc: mask: 0xffffffffffffffff max_cycles: 0x23fa754787d, max_idle_ns: 440795210092 ns
[    0.917567] platform rtc_cmos: registered platform RTC device (no PNP device found)
[    0.919002] Scanning for low memory corruption every 60 seconds
[    0.920324] audit: initializing netlink subsys (disabled)
[    0.921307] audit: type=2000 audit(1603906474.383:1): initialized
[    0.922679] Initialise system trusted keyring
[    0.923743] HugeTLB registered 2 MB page size, pre-allocated 0 pages
[    0.926462] zbud: loaded
[    0.927480] VFS: Disk quotas dquot_6.6.0
[    0.928304] VFS: Dquot-cache hash table entries: 512 (order 0, 4096 bytes)
[    0.929733] squashfs: version 4.0 (2009/01/31) Phillip Lougher
[    0.930972] fuse init (API version 7.23)
[    0.931874] Key type big_key registered
[    0.932666] Allocating IMA MOK and blacklist keyrings.
[    0.936099] Key type asymmetric registered
[    0.936918] Asymmetric key parser 'x509' registered
[    0.937823] Block layer SCSI generic (bsg) driver version 0.4 loaded (major 249)
[    0.939234] io scheduler noop registered
[    0.939935] io scheduler deadline registered (default)
[    0.940891] io scheduler cfq registered
[    0.941673] pci_hotplug: PCI Hot Plug PCI Core version: 0.5
[    0.942596] pciehp: PCI Express Hot Plug Controller Driver version: 0.4
[    0.943772] ACPI: AC Adapter [AC] (off-line)
[    0.944737] input: Power Button as /devices/LNXSYSTM:00/LNXPWRBN:00/input/input0
[    0.947728] ACPI: Power Button [PWRF]
[    0.948644] input: Sleep Button as /devices/LNXSYSTM:00/LNXSLPBN:00/input/input1
[    0.949981] ACPI: Sleep Button [SLPF]
[    0.951453] ACPI: Battery Slot [BAT0] (battery present)
[    0.952540] GHES: HEST is not enabled!
[    0.953387] Serial: 8250/16550 driver, 32 ports, IRQ sharing enabled
[    0.974918] 00:02: ttyS0 at I/O 0x3f8 (irq = 4, base_baud = 115200) is a 16550A
[    0.977464] Linux agpgart interface v0.103
[    0.979920] loop: module loaded
[    0.981571] scsi host0: ata_piix
[    0.982522] scsi host1: ata_piix
[    0.983248] ata1: PATA max UDMA/33 cmd 0x1f0 ctl 0x3f6 bmdma 0xd000 irq 14
[    0.984341] ata2: PATA max UDMA/33 cmd 0x170 ctl 0x376 bmdma 0xd008 irq 15
[    0.985597] libphy: Fixed MDIO Bus: probed
[    0.986447] tun: Universal TUN/TAP device driver, 1.6
[    0.987341] tun: (C) 1999-2004 Max Krasnyansky <maxk@qualcomm.com>
[    0.988479] PPP generic driver version 2.4.2
[    0.989370] ehci_hcd: USB 2.0 'Enhanced' Host Controller (EHCI) Driver
[    0.990425] ehci-pci: EHCI PCI platform driver
[    0.991277] ehci-platform: EHCI generic platform driver
[    0.992221] ohci_hcd: USB 1.1 'Open' Host Controller (OHCI) Driver
[    0.993237] ohci-pci: OHCI PCI platform driver
[    0.994044] ohci-platform: OHCI generic platform driver
[    0.994946] uhci_hcd: USB Universal Host Controller Interface driver
[    0.996088] i8042: PNP: PS/2 Controller [PNP0303:PS2K,PNP0f03:PS2M] at 0x60,0x64 irq 1,12
[    0.998351] serio: i8042 KBD port at 0x60,0x64 irq 1
[    0.999241] serio: i8042 AUX port at 0x60,0x64 irq 12
[    1.000261] mousedev: PS/2 mouse device common for all mice
[    1.001686] rtc_cmos rtc_cmos: rtc core: registered rtc_cmos as rtc0
[    1.002812] input: AT Translated Set 2 keyboard as /devices/platform/i8042/serio0/input/input2
[    1.004351] rtc_cmos rtc_cmos: alarms up to one day, 114 bytes nvram
[    1.005570] i2c /dev entries driver
[    1.006395] device-mapper: uevent: version 1.0.3
[    1.007315] device-mapper: ioctl: 4.34.0-ioctl (2015-10-28) initialised: dm-devel@redhat.com
[    1.008851] ledtrig-cpu: registered to indicate activity on CPUs
[    1.010640] NET: Registered protocol family 10
[    1.011724] NET: Registered protocol family 17
[    1.012661] Key type dns_resolver registered
[    1.013672] registered taskstats version 1
[    1.014481] Loading compiled-in X.509 certificates
[    1.015877] Loaded X.509 cert 'Build time autogenerated kernel key: 399ad61e9457a71f6b31060684c17f14836880c9'
[    1.017674] zswap: loaded using pool lzo/zbud
[    1.020574] Key type trusted registered
[    1.025650] Key type encrypted registered
[    1.026483] AppArmor: AppArmor sha1 policy hashing enabled
[    1.027468] ima: No TPM chip found, activating TPM-bypass!
[    1.028480] ima: Allocated hash algorithm: sha1
[    1.029310] evm: HMAC attrs: 0x1
[    1.032889]   Magic number: 8:961:593
[    1.033713] rtc_cmos rtc_cmos: setting system clock to 2020-10-28 17:34:20 UTC (1603906460)
[    1.035395] BIOS EDD facility v0.16 2004-Jun-25, 0 devices found
[    1.036395] EDD information not available.
[    1.164367] Freeing unused kernel memory: 1492K
[    1.165508] Write protecting the kernel read-only data: 14336k
[    1.166952] Freeing unused kernel memory: 1588K
[    1.167974] Freeing unused kernel memory: 56K
Loading, please wait...
starting version 229
[    1.191556] random: systemd-udevd: uninitialized urandom read (16 bytes read, 3 bits of entropy available)
[    1.191589] random: udevadm: uninitialized urandom read (16 bytes read, 3 bits of entropy available)
[    1.191619] random: udevadm: uninitialized urandom read (16 bytes read, 3 bits of entropy available)
[    1.202647] random: systemd-udevd: uninitialized urandom read (16 bytes read, 3 bits of entropy available)
[    1.203768] random: udevadm: uninitialized urandom read (16 bytes read, 3 bits of entropy available)
[    1.203823] random: udevadm: uninitialized urandom read (16 bytes read, 3 bits of entropy available)
[    1.203972] random: udevadm: uninitialized urandom read (16 bytes read, 3 bits of entropy available)
[    1.204032] random: udevadm: uninitialized urandom read (16 bytes read, 3 bits of entropy available)
[    1.204091] random: udevadm: uninitialized urandom read (16 bytes read, 3 bits of entropy available)
[    1.204162] random: udevadm: uninitialized urandom read (16 bytes read, 3 bits of entropy available)
[    1.275060] e1000: Intel(R) PRO/1000 Network Driver - version 7.3.21-k8-NAPI
[    1.276325] e1000: Copyright (c) 1999-2006 Intel Corporation.
[    1.281528] Fusion MPT base driver 3.04.20
[    1.282373] Copyright (c) 1999-2008 LSI Corporation
[    1.289778] Fusion MPT SPI Host driver 3.04.20
[    1.299441] AVX2 version of gcm_enc/dec engaged.
[    1.300397] AES CTR mode by8 optimization enabled
[    1.485118] input: ImExPS/2 Generic Explorer Mouse as /devices/platform/i8042/serio1/input/input4
[    1.635256] e1000 0000:00:03.0 eth0: (PCI:33MHz:32-bit) 02:8f:67:5f:07:a5
[    1.636515] e1000 0000:00:03.0 eth0: Intel(R) PRO/1000 Network Connection
[    1.638896] mptbase: ioc0: Initiating bringup
[    1.704045] ioc0: LSI53C1030 A0: Capabilities={Initiator}
[    1.866346] scsi host2: ioc0: LSI53C1030 A0, FwRev=00000000h, Ports=1, MaxQ=256, IRQ=20
[    1.980734] scsi 2:0:0:0: Direct-Access     VBOX     HARDDISK         1.0  PQ: 0 ANSI: 5
[    1.986423] scsi target2:0:0: Beginning Domain Validation
[    1.991658] scsi target2:0:0: Domain Validation skipping write tests
[    1.994890] scsi target2:0:0: Ending Domain Validation
[    1.997737] scsi target2:0:0: asynchronous
[    2.001228] scsi 2:0:1:0: Direct-Access     VBOX     HARDDISK         1.0  PQ: 0 ANSI: 5
[    2.005837] scsi target2:0:1: Beginning Domain Validation
[    2.010391] scsi target2:0:1: Domain Validation skipping write tests
[    2.013574] scsi target2:0:1: Ending Domain Validation
[    2.028899] scsi target2:0:1: asynchronous
[    2.044744] sd 2:0:0:0: Attached scsi generic sg0 type 0
[    2.046642] sd 2:0:1:0: Attached scsi generic sg1 type 0
[    2.047914] sd 2:0:1:0: [sdb] 20480 512-byte logical blocks: (10.5 MB/10.0 MiB)
[    2.049553] sd 2:0:1:0: [sdb] Write Protect is off
[    2.050492] sd 2:0:0:0: [sda] 20971520 512-byte logical blocks: (10.7 GB/10.0 GiB)
[    2.052013] sd 2:0:1:0: [sdb] Incomplete mode parameter data
[    2.053021] sd 2:0:1:0: [sdb] Assuming drive cache: write through
[    2.054099] sd 2:0:0:0: [sda] Write Protect is off
[    2.055004] sd 2:0:0:0: [sda] Incomplete mode parameter data
[    2.055990] sd 2:0:0:0: [sda] Assuming drive cache: write through
[    2.081599]  sda: sda1
[    2.085219] sd 2:0:0:0: [sda] Attached SCSI disk
[    2.087352] sd 2:0:1:0: [sdb] Attached SCSI disk
[    2.339135] e1000 0000:00:08.0 eth1: (PCI:33MHz:32-bit) 08:00:27:45:97:9b
[    2.340391] e1000 0000:00:08.0 eth1: Intel(R) PRO/1000 Network Connection
[    2.342302] e1000 0000:00:03.0 enp0s3: renamed from eth0
[    2.356113] e1000 0000:00:08.0 enp0s8: renamed from eth1
Begin: Loading essential drivers ... [    3.654485] md: linear personality registered for level -1
[    3.657685] md: multipath personality registered for level -4
[    3.662411] md: raid0 personality registered for level 0
[    3.667312] md: raid1 personality registered for level 1
[    3.735865] raid6: sse2x1   gen() 10588 MB/s
[    3.803859] raid6: sse2x1   xor()  8341 MB/s
[    3.871837] raid6: sse2x2   gen() 13669 MB/s
[    3.939834] raid6: sse2x2   xor()  9806 MB/s
[    4.007854] raid6: sse2x4   gen() 16675 MB/s
[    4.075856] raid6: sse2x4   xor() 10358 MB/s
[    4.143844] raid6: avx2x1   gen() 19382 MB/s
[    4.211866] raid6: avx2x2   gen() 23299 MB/s
[    4.279849] raid6: avx2x4   gen() 26254 MB/s
[    4.280699] raid6: using algorithm avx2x4 gen() 26254 MB/s
[    4.282543] raid6: using avx2x2 recovery algorithm
[    4.285900] xor: automatically using best checksumming function:
[    4.383852]    avx       : 85074.000 MB/sec
[    4.386059] async_tx: api initialized (async)
[    4.395719] md: raid6 personality registered for level 6
[    4.396756] md: raid5 personality registered for level 5
[    4.397646] md: raid4 personality registered for level 4
[    4.404847] md: raid10 personality registered for level 10
done.
Begin: Running /scripts/init-premount ... done.
Begin: Mounting root file system ... Begin: Running /scripts/local-top ... done.
Begin: Running /scripts/local-premount ... [    4.450698] Btrfs loaded
Scanning for Btrfs filesystems
done.
Warning: fsck not present, so skipping root file system
[    4.541412] EXT4-fs (sda1): mounted filesystem with ordered data mode. Opts: (null)
done.
Begin: Running /scripts/local-bottom ... done.
Begin: Running /scripts/init-bottom ... done.
[    5.717794] random: nonblocking pool is initialized
[    5.797836] systemd[1]: systemd 229 running in system mode. (+PAM +AUDIT +SELINUX +IMA +APPARMOR +SMACK +SYSVINIT +UTMP +LIBCRYPTSETUP +GCRYPT +GNUTLS +ACL +XZ -LZ4 +SECCOMP +BLKID +ELFUTILS +KMOD -IDN)
[    5.806546] systemd[1]: Detected virtualization oracle.
[    5.810280] systemd[1]: Detected architecture x86-64.

Welcome to [1mUbuntu 16.04.7 LTS[0m!

[    5.881549] systemd[1]: Set hostname to <ubuntu-xenial>.
[    7.337310] systemd[1]: Reached target Encrypted Volumes.
[[0;32m  OK  [0m] Reached target Encrypted Volumes.
[    7.343910] systemd[1]: Listening on /dev/initctl Compatibility Named Pipe.
[[0;32m  OK  [0m] Listening on /dev/initctl Compatibility Named Pipe.
[    7.350434] systemd[1]: Listening on LVM2 metadata daemon socket.
[[0;32m  OK  [0m] Listening on LVM2 metadata daemon socket.
[    7.357394] systemd[1]: Created slice User and Session Slice.
[[0;32m  OK  [0m] Created slice User and Session Slice.
[    7.366155] systemd[1]: Listening on udev Kernel Socket.
[[0;32m  OK  [0m] Listening on udev Kernel Socket.
[    7.380113] systemd[1]: Listening on Journal Audit Socket.
[[0;32m  OK  [0m] Listening on Journal Audit Socket.
[    7.382375] systemd[1]: Listening on Device-mapper event daemon FIFOs.
[[0;32m  OK  [0m] Listening on Device-mapper event daemon FIFOs.
[    7.384715] systemd[1]: Reached target Swap.
[[0;32m  OK  [0m] Reached target Swap.
[    7.387399] systemd[1]: Reached target System Time Synchronized.
[[0;32m  OK  [0m] Reached target System Time Synchronized.
[    7.391592] systemd[1]: Listening on Journal Socket (/dev/log).
[[0;32m  OK  [0m] Listening on Journal Socket (/dev/log).
[    7.393774] systemd[1]: Reached target User and Group Name Lookups.
[[0;32m  OK  [0m] Reached target User and Group Name Lookups.
[    7.396148] systemd[1]: Set up automount Arbitrary Executable File Formats File System Automount Point.
[[0;32m  OK  [0m] Set up automount Arbitrary Executab...ats File System Automount Point.
[    7.404087] systemd[1]: Started Trigger resolvconf update for networkd DNS.
[[0;32m  OK  [0m] Started Trigger resolvconf update for networkd DNS.
[    7.406096] systemd[1]: Listening on LVM2 poll daemon socket.
[[0;32m  OK  [0m] Listening on LVM2 poll daemon socket.
[    7.407925] systemd[1]: Listening on udev Control Socket.
[[0;32m  OK  [0m] Listening on udev Control Socket.
[    7.416394] systemd[1]: Created slice System Slice.
[[0;32m  OK  [0m] Created slice System Slice.
[    7.418369] systemd[1]: Created slice system-serial\x2dgetty.slice.
[[0;32m  OK  [0m] Created slice system-serial\x2dgetty.slice.
[    7.420270] systemd[1]: Reached target Slices.
[[0;32m  OK  [0m] Reached target Slices.
[    7.421817] systemd[1]: Listening on Journal Socket.
[[0;32m  OK  [0m] Listening on Journal Socket.
[    7.440107] systemd[1]: Mounting POSIX Message Queue File System...
         Mounting POSIX Message Queue File System...
[    7.446621] systemd[1]: Starting Create list of required static device nodes for the current kernel...
         Starting Create list of required st... nodes for the current kernel...
[    7.455381] systemd[1]: Mounting Huge Pages File System...
         Mounting Huge Pages File System...
[    7.458526] systemd[1]: Starting Monitoring of LVM2 mirrors, snapshots etc. using dmeventd or progress polling...
         Starting Monitoring of LVM2 mirrors... dmeventd or progress polling...
[    7.463270] systemd[1]: Starting Uncomplicated firewall...
         Starting Uncomplicated firewall...
[    7.500382] systemd[1]: Starting Load Kernel Modules...
         Starting Load Kernel Modules...
[    7.521727] systemd[1]: Mounting Debug File System...
         Mounting Debug File System...
[    7.533944] systemd[1]: Starting Set console keymap...
         Starting Set console keymap...
[    7.542194] systemd[1]: Starting Remount Root and Kernel File Systems...
         Starting Remount Root and Kernel File Systems...
[    7.550822] systemd[1]: Starting Nameserver information manager...
         Starting Nameserver information manager...
[    7.563496] systemd[1]: Started Forward Password Requests to Wall Directory Watch.
[[0;32m  OK  [0m] Started Forward Password Requests to Wall Directory Watch.
[    7.571850] systemd[1]: Listening on Syslog Socket.
[[0;32m  OK  [0m] Listening on Syslog Socket.
[    7.588418] systemd[1]: Starting Journal Service...
         Starting Journal Service...
[    7.602868] systemd[1]: Started Create list of required static device nodes for the current kernel.
[[0;32m  OK  [0m] Started Create list of required sta...ce nodes for the current kernel.
[    7.617106] systemd[1]: Started Uncomplicated firewall.
[[0;32m  OK  [0m] Started Uncomplicated firewall.
[    7.636573] systemd[1]: Starting Create Static Device Nodes in /dev...
         Starting Create Static Device Nodes in /dev...
[    7.744788] EXT4-fs (sda1): re-mounted. Opts: (null)
[    7.746877] systemd[1]: Mounted Debug File System.
[[0;32m  OK  [0m] Mounted Debug File System.
[    7.764569] systemd[1]: Mounted POSIX Message Queue File System.
[[0;32m  OK  [0m] Mounted POSIX Message Queue File System.
[    7.777034] systemd[1]: Mounted Huge Pages File System.
[[0;32m  OK  [0m] Mounted Huge Pages File System.
[    7.788844] systemd[1]: Started Remount Root and Kernel File Systems.
[[0;32m  OK  [0m] Started Remount Root and Kernel File Systems.
[    7.838891] Loading iSCSI transport class v2.0-870.
[    7.903863] systemd[1]: Starting udev Coldplug all Devices...
         Starting udev Coldplug all Devices...
[    7.917939] systemd[1]: Starting Load/Save Random Seed...
         Starting Load/Save Random Seed...
[    7.927089] systemd[1]: Started Nameserver information manager.
[[0;32m  OK  [0m] Started Nameserver information manager.
[    7.945553] systemd[1]: Started LVM2 metadata daemon.
[[0;32m  OK  [0m] Started LVM2 metadata daemon.
[    7.959233] iscsi: registered transport (tcp)
[    7.977132] systemd[1]: Started Journal Service.
[[0;32m  OK  [0m] Started Journal Service.
         Starting Flush Journal to Persistent Storage...
[[0;32m  OK  [0m] Started Load/Save Random Seed.
[[0;32m  OK  [0m] Started Set console keymap.
[    8.069892] systemd-journald[400]: Received request to flush runtime journal from PID 1
[[0;32m  OK  [0m] Started Flush Journal to Persistent Storage.
[[0;32m  OK  [0m] Started udev Coldplug all Devices.
[[0;32m  OK  [0m] Started Create Static Device Nodes in /dev.
         Starting udev Kernel Device Manager...
[[0;32m  OK  [0m] Started Monitoring of LVM2 mirrors,...ng dmeventd or progress polling.
[[0;32m  OK  [0m] Reached target Local File Systems (Pre).
[[0;32m  OK  [0m] Reached target Local File Systems.
         Starting Create Volatile Files and Directories...
         Starting Set console font and keymap...
         Starting Tell Plymouth To Write Out Runtime Data...
         Starting LSB: AppArmor initialization...
         Starting Initial cloud-init job (pre-networking)...
[[0;32m  OK  [0m] Started Tell Plymouth To Write Out Runtime Data.
[    8.352562] iscsi: registered transport (iser)
[[0;32m  OK  [0m] Started Load Kernel Modules.
         Mounting FUSE Control File System...
         Starting Apply Kernel Variables...
[[0;32m  OK  [0m] Mounted FUSE Control File System.
[[0;32m  OK  [0m] Started Apply Kernel Variables.
[[0;32m  OK  [0m] Started Create Volatile Files and Directories.
         Starting Update UTMP about System Boot/Shutdown...
[[0;32m  OK  [0m] Started Update UTMP about System Boot/Shutdown.
[[0;32m  OK  [0m] Started Set console font and keymap.
[[0;32m  OK  [0m] Created slice system-getty.slice.
[[0;32m  OK  [0m] Started udev Kernel Device Manager.
[[0;32m  OK  [0m] Started Dispatch Password Requests to Console Directory Watch.
[[0;32m  OK  [0m] Found device /dev/ttyS0.
[[0;32m  OK  [0m] Listening on Load/Save RF Kill Switch Status /dev/rfkill Watch.
[[0;32m  OK  [0m] Found device 82540EM Gigabit Ethern...r (PRO/1000 MT Desktop Adapter).
[[0;32m  OK  [0m] Found device 82540EM Gigabit Ethern...r (PRO/1000 MT Desktop Adapter).
[[0;32m  OK  [0m] Started LSB: AppArmor initialization.
         Starting Load AppArmor profiles managed internally by snapd...
[[0;32m  OK  [0m] Started Load AppArmor profiles managed internally by snapd.
[   13.709883] cloud-init[467]: Cloud-init v. 20.3-2-g371b392c-0ubuntu1~16.04.1 running 'init-local' at Wed, 28 Oct 2020 17:34:32 +0000. Up 12.89 seconds.
[[0;32m  OK  [0m] Started Initial cloud-init job (pre-networking).
[[0;32m  OK  [0m] Reached target Network (Pre).
         Starting Raise network interfaces...
[[0;32m  OK  [0m] Started ifup for enp0s8.
[[0;32m  OK  [0m] Started ifup for enp0s3.
[[0;32m  OK  [0m] Started Raise network interfaces.
         Starting Initial cloud-init job (metadata service crawler)...
[[0;32m  OK  [0m] Reached target Network.
[   14.992604] cloud-init[1087]: Cloud-init v. 20.3-2-g371b392c-0ubuntu1~16.04.1 running 'init' at Wed, 28 Oct 2020 17:34:34 +0000. Up 14.33 seconds.
[   15.002025] cloud-init[1087]: ci-info: ++++++++++++++++++++++++++++++++++++++Net device info+++++++++++++++++++++++++++++++++++++++
[   15.004765] cloud-init[1087]: ci-info: +--------+------+-----------------------------+---------------+--------+-------------------+
[   15.007126] cloud-init[1087]: ci-info: | Device |  Up  |           Address           |      Mask     | Scope  |     Hw-Address    |
[   15.009164] cloud-init[1087]: ci-info: +--------+------+-----------------------------+---------------+--------+-------------------+
[   15.010923] cloud-init[1087]: ci-info: | enp0s3 | True |          10.0.2.15          | 255.255.255.0 | global | 02:8f:67:5f:07:a5 |
[   15.012522] cloud-init[1087]: ci-info: | enp0s3 | True |  fe80::8f:67ff:fe5f:7a5/64  |       .       |  link  | 02:8f:67:5f:07:a5 |
[   15.014041] cloud-init[1087]: ci-info: | enp0s8 | True |        192.168.33.12        | 255.255.255.0 | global | 08:00:27:45:97:9b |
[   15.015444] cloud-init[1087]: ci-info: | enp0s8 | True | fe80::a00:27ff:fe45:979b/64 |       .       |  link  | 08:00:27:45:97:9b |
[   15.016923] cloud-init[1087]: ci-info: |   lo   | True |          127.0.0.1          |   255.0.0.0   |  host  |         .         |
[   15.018554] cloud-init[1087]: ci-info: |   lo   | True |           ::1/128           |       .       |  host  |         .         |
[   15.019797] cloud-init[1087]: ci-info: +--------+------+-----------------------------+---------------+--------+-------------------+
[   15.021048] cloud-init[1087]: ci-info: ++++++++++++++++++++++++++++Route IPv4 info++++++++++++++++++++++++++++
[   15.022325] cloud-init[1087]: ci-info: +-------+--------------+----------+---------------+-----------+-------+
[   15.023525] cloud-init[1087]: ci-info: | Route | Destination  | Gateway  |    Genmask    | Interface | Flags |
[   15.024768] cloud-init[1087]: ci-info: +-------+--------------+----------+---------------+-----------+-------+
[   15.025954] cloud-init[1087]: ci-info: |   0   |   0.0.0.0    | 10.0.2.2 |    0.0.0.0    |   enp0s3  |   UG  |
[   15.027064] cloud-init[1087]: ci-info: |   1   |   10.0.2.0   | 0.0.0.0  | 255.255.255.0 |   enp0s3  |   U   |
[   15.028262] cloud-init[1087]: ci-info: |   2   | 192.168.33.0 | 0.0.0.0  | 255.255.255.0 |   enp0s8  |   U   |
[   15.029765] cloud-init[1087]: ci-info: +-------+--------------+----------+---------------+-----------+-------+
[   15.031045] cloud-init[1087]: ci-info: +++++++++++++++++++Route IPv6 info+++++++++++++++++++
[   15.032146] cloud-init[1087]: ci-info: +-------+-------------+---------+-----------+-------+
[   15.033434] cloud-init[1087]: ci-info: | Route | Destination | Gateway | Interface | Flags |
[   15.034445] cloud-init[1087]: ci-info: +-------+-------------+---------+-----------+-------+
[   15.035409] cloud-init[1087]: ci-info: |   0   |  fe80::/64  |    ::   |   enp0s8  |   U   |
[   15.036356] cloud-init[1087]: ci-info: |   1   |  fe80::/64  |    ::   |   enp0s3  |   U   |
[   15.037338] cloud-init[1087]: ci-info: |   4   |   ff00::/8  |    ::   |   enp0s8  |   U   |
[   15.038313] cloud-init[1087]: ci-info: |   5   |   ff00::/8  |    ::   |   enp0s3  |   U   |
[   15.039317] cloud-init[1087]: ci-info: +-------+-------------+---------+-----------+-------+
[[0;32m  OK  [0m] Started Initial cloud-init job (metadata service crawler).
[[0;32m  OK  [0m] Reached target System Initialization.
[[0;32m  OK  [0m] Started Daily Cleanup of Temporary Directories.
[[0;32m  OK  [0m] Listening on D-Bus System Message Bus Socket.
[[0;32m  OK  [0m] Listening on ACPID Listen Socket.
[[0;32m  OK  [0m] Started Message of the Day.
[[0;32m  OK  [0m] Started Daily apt download activities.
[[0;32m  OK  [0m] Listening on UUID daemon activation socket.
[[0;32m  OK  [0m] Started ACPI Events Check.
[[0;32m  OK  [0m] Reached target Paths.
         Starting LXD - unix socket.
         Starting Socket activation for snappy daemon.
[[0;32m  OK  [0m] Started Clean PHP session files every 30 mins.
[[0;32m  OK  [0m] Started Daily apt upgrade and clean activities.
[[0;32m  OK  [0m] Reached target Timers.
[[0;32m  OK  [0m] Reached target Cloud-config availability.
[[0;32m  OK  [0m] Reached target Network is Online.
         Starting iSCSI initiator daemon (iscsid)...
[[0;32m  OK  [0m] Listening on LXD - unix socket.
[[0;32m  OK  [0m] Listening on Socket activation for snappy daemon.
[[0;32m  OK  [0m] Reached target Sockets.
[[0;32m  OK  [0m] Reached target Basic System.
         Starting Clean php session files...
         Starting OpenBSD Secure Shell server...
         Starting System Logging Service...
         Starting LSB: Record successful boot for GRUB...
         Starting Virtualbox guest utils...
         Starting MySQL Community Server...
[[0;32m  OK  [0m] Started Regular background program processing daemon.
         Starting /etc/rc.local Compatibility...
         Starting LSB: MD monitoring daemon...
[[0;32m  OK  [0m] Started ACPI event daemon.
         Starting Snap Daemon...
[[0;32m  OK  [0m] Started Deferred execution scheduler.
[[0;32m  OK  [0m] Started D-Bus System Message Bus.
         Starting Login Service...
[[0;32m  OK  [0m] Started FUSE filesystem for LXC.
         Starting Accounts Service...
         Starting LXD - container startup/shutdown...
[[0;32m  OK  [0m] Started System Logging Service.
[[0;32m  OK  [0m] Started /etc/rc.local Compatibility.
[[0;32m  OK  [0m] Started OpenBSD Secure Shell server.
[[0;32m  OK  [0m] Started iSCSI initiator daemon (iscsid).
         Starting Login to default iSCSI targets...
[[0;32m  OK  [0m] Started LSB: Record successful boot for GRUB.
[[0;32m  OK  [0m] Started LSB: MD monitoring daemon.
[[0;32m  OK  [0m] Started Login Service.
[[0;32m  OK  [0m] Started Unattended Upgrades Shutdown.
[[0;32m  OK  [0m] Started Login to default iSCSI targets.
[[0;32m  OK  [0m] Reached target Remote File Systems (Pre).
[[0;32m  OK  [0m] Reached target Remote File Systems.
         Starting Permit User Sessions...
         Starting LSB: automatic crash report generation...
         Starting LSB: daemon to balance interrupts for SMP systems...
         Starting LSB: Apache2 web server...
         Starting LSB: Set the CPU Frequency Scaling governor to "ondemand"...
[[0;32m  OK  [0m] Started LSB: Set the CPU Frequency Scaling governor to "ondemand".
[[0;32m  OK  [0m] Started Permit User Sessions.
         Starting Hold until boot process finishes up...
         Starting Terminate Plymouth Boot Screen...
[[0;32m  OK  [0m] Started Hold until boot process finishes up.
[[0;32m  OK  [0m] Started LSB: daemon to balance interrupts for SMP systems.
[[0;32m  OK  [0m] Started Terminate Plymouth Boot Screen.
[[0;32m  OK  [0m] Started Serial Getty on ttyS0.
         Starting Set console scheme...
[[0;32m  OK  [0m] Started Getty on tty1.
[[0;32m  OK  [0m] Reached target Login Prompts.
[[0;32m  OK  [0m] Started Set console scheme.
[[0;32m  OK  [0m] Started LSB: automatic crash report generation.
[[0;32m  OK  [0m] Started Virtualbox guest utils.
         Starting Authenticate and Authorize Users to Run Privileged Tasks...
[[0;32m  OK  [0m] Started Authenticate and Authorize Users to Run Privileged Tasks.
[[0;32m  OK  [0m] Started Accounts Service.
[[0;32m  OK  [0m] Started Snap Daemon.
         Starting Wait until snapd is fully seeded...
[[0;32m  OK  [0m] Started Wait until snapd is fully seeded.
         Starting Apply the settings specified in cloud-config...
[[0;32m  OK  [0m] Created slice User Slice of vagrant.
         Starting User Manager for UID 1000...
[[0;32m  OK  [0m] Started Session 1 of user vagrant.
[[0;32m  OK  [0m] Started Clean php session files.
[[0;32m  OK  [0m] Started LSB: Apache2 web server.
[[0;32m  OK  [0m] Started User Manager for UID 1000.
[[0;32m  OK  [0m] Started LXD - container startup/shutdown.
[   21.786021] cloud-init[1418]: Cloud-init v. 20.3-2-g371b392c-0ubuntu1~16.04.1 running 'modules:config' at Wed, 28 Oct 2020 17:34:41 +0000. Up 21.39 seconds.
[[0;32m  OK  [0m] Started Apply the settings specified in cloud-config.

Ubuntu 16.04.7 LTS ubuntu-xenial ttyS0

ubuntu-xenial login: [   23.869087] cloud-init[1576]: Cloud-init v. 20.3-2-g371b392c-0ubuntu1~16.04.1 running 'modules:final' at Wed, 28 Oct 2020 17:34:43 +0000. Up 23.59 seconds.
[   23.869371] cloud-init[1576]: Cloud-init v. 20.3-2-g371b392c-0ubuntu1~16.04.1 finished at Wed, 28 Oct 2020 17:34:43 +0000. Datasource DataSourceNoCloud [seed=/dev/sdb][dsmode=net].  Up 23.85 seconds
[[0;32m  OK  [0m] Stopped target Graphical Interface.
[[0;32m  OK  [0m] Stopped target Timers.
         Stopping Accounts Service...
         Stopping Session 4 of user vagrant.
[[0;32m  OK  [0m] Stopped Daily Cleanup of Temporary Directories.
[[0;32m  OK  [0m] Stopped target Cloud-init target.
[[0;32m  OK  [0m] Stopped Execute cloud user/final scripts.
[[0;32m  OK  [0m] Stopped Apply the settings specified in cloud-config.
         Stopping Authenticate and Authorize Users to Run Privileged Tasks...
[[0;32m  OK  [0m] Closed Load/Save RF Kill Switch Status /dev/rfkill Watch.
[[0;32m  OK  [0m] Stopped target Cloud-config availability.
         Stopping ACPI event daemon...
[[0;32m  OK  [0m] Stopped Clean PHP session files every 30 mins.
[[0;32m  OK  [0m] Stopped target Multi-User System.
         Stopping Regular background program processing daemon...
         Stopping System Logging Service...
         Stopping LSB: automatic crash report generation...
[[0;32m  OK  [0m] Stopped Wait until snapd is fully seeded.
         Stopping LSB: Apache2 web server...
         Stopping Virtualbox guest utils...
         Stopping LSB: Set the CPU Frequency Scaling governor to "ondemand"...
[[0;32m  OK  [0m] Stopped target Login Prompts.
         Stopping Serial Getty on ttyS0...
         Stopping Getty on tty1...
         Stopping FUSE filesystem for LXC...
         Stopping MySQL Community Server...
         Stopping LSB: Recor         Stopping Deferred execution scheduler...
         Stopping LSB: MD monitoring daemon...
[[0;32m  OK  [0m] Stopped Message of the Day.
[[0;32m  OK  [0m] Stopped Daily apt upgrade and clean activities.
[[0;32m  OK  [0m] Stopped Daily apt download activities.
[[0;32m  OK  [0m] Stopped target System Time Synchronized.
         Stopping User Manager for UID 1000...
         Stopping LSB: daemon to balance interrupts for SMP systems...
[[0;32m  OK  [0m] Unmounted /var/lib/lxcfs.
[[0;32m  OK  [0m] Stopped System Logging Service.
[[0;32m  OK  [0m] Stopped Regular background program processing daemon.
[[0;32m  OK  [0m] Stopped ACPI event daemon.
[[0;32m  OK  [0m] Stopped Deferred execution scheduler.
[[0;32m  OK  [0m] Stopped Accounts Service.
[[0;32m  OK  [0m] Stopped OpenBSD Secure Shell server.
[[0;32m  OK  [0m] Stopped Unattended Upgrades Shutdown.
[[0;32m  OK  [0m] Stopped Serial Getty on ttyS0.
[[0;32m  OK  [0m] Stopped Getty on tty1.
[[0;32m  OK  [0m] Stopped Authenticate and Authorize Users to Run Privileged Tasks.
[[0;32m  OK  [0m] Stopped User Manager for UID 1000.
[[0;32m  OK  [0m] Stopped Session 4 of user vagrant.
[[0;32m  OK  [0m] Stopped D-Bus System Message Bus.
[[0;32m  OK  [0m] Stopped FUSE filesystem for LXC.
[[0;32m  OK  [0m] Stopped LSB: Record successful boot for GRUB.
[[0;32m  OK  [0m] Stopped LSB: Set the CPU Frequency Scaling governor to "ondemand".
[[0;32m  OK  [0m] Stopped LSB: automatic crash report generation.
[[0;32m  OK  [0m] Stopped LXD - container startup/shutdown.
[[0;32m  OK  [0m] Stopped LSB: MD monitoring daemon.
[[0;32m  OK  [0m] Stopped LSB: daemon to balance interrupts for SMP systems.
[[0;32m  OK  [0m] Removed slice User Slice of vagrant.
[[0;32m  OK  [0m] Removed slice system-getty.slice.
         Stopping Permit User Sessions...
[[0;32m  OK  [0m] Removed slice system-serial\x2dgetty.slice.
[[0;32m  OK  [0m] Stopped /etc/rc.local Compatibility.
         Stopping Login Service...
[[0;32m  OK  [0m] Stopped Virtualbox guest utils.
[[0;32m  OK  [0m] Stopped Permit User Sessions.
[[0;32m  OK  [0m] Stopped Login Service.
[[0;32m  OK  [0m] Stopped target User and Group Name Lookups.
[[0;32m  OK  [0m] Stopped LSB: Apache2 web server.
[[0;32m  OK  [0m] Stopped target Remote File Systems.
[[0;32m  OK  [0m] Stopped target Remote File Systems (Pre).
         Stopping Login to default iSCSI targets...
[[0;32m  OK  [0m] Stopped Login to default iSCSI targets.
         Stopping iSCSI initiator daemon (iscsid)...
[[0;32m  OK  [0m] Stopped iSCSI initiator daemon (iscsid).
[[0;32m  OK  [0m] Stopped target Network is Online.
[[0;32m  OK  [0m] Stopped MySQL Community Server.
[[0;32m  OK  [0m] Stopped target Basic System.
[[0;32m  OK  [0m] Stopped target Paths.
[[0;32m  OK  [0m] Stopped Dispatch Password Requests to Console Directory Watch.
[[0;32m  OK  [0m] Stopped Forward Password Requests to Wall Directory Watch.
[[0;32m  OK  [0m] Stopped ACPI Events Check.
[[0;32m  OK  [0m] Stopped target Slices.
[[0;32m  OK  [0m] Removed slice User and Session Slice.
[[0;32m  OK  [0m] Stopped target Sockets.
[[0;32m  OK  [0m] Closed LXD - unix socket.
[[0;32m  OK  [0m] Closed D-Bus System Message Bus Socket.
[[0;32m  OK  [0m] Closed ACPID Listen Socket.
[[0;32m  OK  [0m] Closed Syslog Socket.
[[0;32m  OK  [0m] Closed Socket activation for snappy daemon.
[[0;32m  OK  [0m] Closed UUID daemon activation socket.
[[0;32m  OK  [0m] Stopped target System Initialization.
[[0;32m  OK  [0m] Stopped target Encrypted Volumes.
         Stopping Update UTMP about System Boot/Shutdown...
         Stopping Load/Save Random Seed...
[[0;32m  OK  [0m] Stopped Initial cloud-init job (metadata service crawler).
[[0;32m  OK  [0m] Stopped target Swap.
[[0;32m  OK  [0m] Stopped target Network.
         Stopping Raise network interfaces...
[[0;32m  OK  [0m] Stopped Load/Save Random Seed.
[[0;32m  OK  [0m] Stopped Update UTMP about System Boot/Shutdown.
[[0;32m  OK  [0m] Stopped Create Volatile Files and Directories.
[[0;32m  OK  [0m] Stopped Raise network interfaces.
[[0;32m  OK  [0m] Stopped target Network (Pre).
[[0;32m  OK  [0m] Stopped Initial cloud-init job (pre-networking).
[[0;32m  OK  [0m] Stopped target Local File Systems.
         Unmounting /run/user/1000...
         Unmounting /var/www/html...
         Unmounting /vagrant...
[[0;32m  OK  [0m] Stopped Apply Kernel Variables.
[[0;32m  OK  [0m] Stopped Load Kernel Modules.
[[0;32m  OK  [0m] Unmounted /run/user/1000.
[[0;32m  OK  [0m] Unmounted /var/www/html.
[[0;32m  OK  [0m] Unmounted /vagrant.
[[0;32m  OK  [0m] Reached target Unmount All Filesystems.
[[0;32m  OK  [0m] Stopped target Local File Systems (Pre).
[[0;32m  OK  [0m] Stopped Remount Root and Kernel File Systems.
         Stopping Monitoring of LVM2 mirrors... dmeventd or progress polling...
[[0;32m  OK  [0m] Stopped Create Static Device Nodes in /dev.
[[0;32m  OK  [0m] Reached target Shutdown.
[  381.631363] reboot: Power down
